0 info it worked if it ends with ok
1 verbose cli [ 'C:\\Program Files\\nodejs\\node.exe',
1 verbose cli   'C:\\Program Files\\nodejs\\node_modules\\npm\\bin\\npm-cli.js',
1 verbose cli   'run',
1 verbose cli   'dev' ]
2 info using npm@3.10.10
3 info using node@v6.10.0
4 verbose run-script [ 'predev', 'dev', 'postdev' ]
5 info lifecycle vue-tutorial@1.0.0~predev: vue-tutorial@1.0.0
6 silly lifecycle vue-tutorial@1.0.0~predev: no script for predev, continuing
7 info lifecycle vue-tutorial@1.0.0~dev: vue-tutorial@1.0.0
8 verbose lifecycle vue-tutorial@1.0.0~dev: unsafe-perm in lifecycle true
9 verbose lifecycle vue-tutorial@1.0.0~dev: PATH: C:\Users\Blake\AppData\Roaming\npm\node_modules\nvm\v6.10.0\node_modules\npm\bin\node-gyp-bin;C:\Users\Blake\Documents\Notes\vueTutorial\node_modules\.bin;C:\Program Files (x86)\RSA SecurID Token Common;C:\Program Files (x86)\Lenovo\FusionEngine;C:\Program Files (x86)\Intel\iCLS Client\;C:\Program Files\Intel\iCLS Client\;C:\WINDOWS\system32;C:\WINDOWS;C:\WINDOWS\System32\Wbem;C:\WINDOWS\System32\WindowsPowerShell\v1.0\;C:\Program Files\Intel\Intel(R) Management Engine Components\DAL;C:\Program Files\Intel\Intel(R) Management Engine Components\IPT;C:\Program Files (x86)\Intel\Intel(R) Management Engine Components\DAL;C:\Program Files (x86)\Intel\Intel(R) Management Engine Components\IPT;C:\Program Files\Intel\WiFi\bin\;C:\Program Files\Common Files\Intel\WirelessCommon\;C:\Program Files (x86)\Lenovo\Motion Control\;C:\Program Files (x86)\Common Files\lenovo\easyplussdk\bin;C:\Program Files (x86)\GitExtensions\;C:\Program Files\Microsoft SQL Server\110\Tools\Binn\;C:\Program Files (x86)\Microsoft SDKs\TypeScript\1.0\;C:\Program Files\Microsoft SQL Server\120\Tools\Binn\;C:\Program Files\Emscripten\emscripten\1.35.0;C:\Program Files\Emscripten;C:\Program Files\Emscripten\clang\e1.35.0_64bit;C:\Program Files\Emscripten\node\0.12.2_64bit;C:\Program Files\Emscripten\python\2.7.5.3_64bit;C:\Program Files\Emscripten\java\7.45_64bit\bin;C:\Program Files\Emscripten\crunch\1.03;C:\Program Files\Emscripten\mingw\4.6.2_32bit;C:\Work\source\sass.js-master\sass.js-master\Emscripten\emscripten\1.35.0;C:\Work\source\sass.js-master\sass.js-master\Emscripten;C:\Work\source\sass.js-master\sass.js-master\Emscripten\clang\e1.35.0_64bit;C:\Work\source\sass.js-master\sass.js-master\Emscripten\node\0.12.2_64bit;C:\Work\source\sass.js-master\sass.js-master\Emscripten\python\2.7.5.3_64bit;C:\Work\source\sass.js-master\sass.js-master\Emscripten\java\7.45_64bit\bin;C:\Work\source\sass.js-master\sass.js-master\Emscripten\crunch\1.03;C:\Work\source\sass.js-master\sass.js-master\Emscripten\mingw\4.6.2_32bit;C:\Program Files (x86)\Skype\Phone\;C:\Program Files (x86)\Heroku\bin;C:\Users\Blake\AppData\Roaming\npm\node_modules\nvm;C:\Program Files\nodejs;C:\WINDOWS\system32\config\systemprofile\.dnx\bin;C:\Program Files\Microsoft DNX\Dnvm\;C:\Program Files\Microsoft SQL Server\130\Tools\Binn\;C:\Program Files (x86)\Windows Kits\10\Windows Performance Toolkit\;C:\Program Files\Git\cmd;C:\Ruby22-x64\bin;C:\Users\Blake\AppData\Roaming\npm\node_modules\nvm;C:\Program Files\nodejs;C:\Users\Blake\AppData\Roaming\npm\node_modules\.bin;C:\Users\Blake\AppData\Roaming\npm;C:\Users\Blake\AppData\Local\Microsoft\WindowsApps;C:\Program Files (x86)\Microsoft VS Code\bin;C:\Program Files\MongoDB\Server\3.2\bin;C:\SQLite3
10 verbose lifecycle vue-tutorial@1.0.0~dev: CWD: C:\Users\Blake\Documents\Notes\vueTutorial
11 silly lifecycle vue-tutorial@1.0.0~dev: Args: [ '/d /s /c', 'webpack --watch' ]
12 silly lifecycle vue-tutorial@1.0.0~dev: Returned: code: 3221225786  signal: null
13 info lifecycle vue-tutorial@1.0.0~dev: Failed to exec dev script
14 verbose stack Error: vue-tutorial@1.0.0 dev: `webpack --watch`
14 verbose stack Exit status 3221225786
14 verbose stack     at EventEmitter.<anonymous> (C:\Users\Blake\AppData\Roaming\npm\node_modules\nvm\v6.10.0\node_modules\npm\lib\utils\lifecycle.js:255:16)
14 verbose stack     at emitTwo (events.js:106:13)
14 verbose stack     at EventEmitter.emit (events.js:191:7)
14 verbose stack     at ChildProcess.<anonymous> (C:\Users\Blake\AppData\Roaming\npm\node_modules\nvm\v6.10.0\node_modules\npm\lib\utils\spawn.js:40:14)
14 verbose stack     at emitTwo (events.js:106:13)
14 verbose stack     at ChildProcess.emit (events.js:191:7)
14 verbose stack     at maybeClose (internal/child_process.js:877:16)
14 verbose stack     at Process.ChildProcess._handle.onexit (internal/child_process.js:226:5)
15 verbose pkgid vue-tutorial@1.0.0
16 verbose cwd C:\Users\Blake\Documents\Notes\vueTutorial
17 error Windows_NT 10.0.14393
18 error argv "C:\\Program Files\\nodejs\\node.exe" "C:\\Program Files\\nodejs\\node_modules\\npm\\bin\\npm-cli.js" "run" "dev"
19 error node v6.10.0
20 error npm  v3.10.10
21 error code ELIFECYCLE
22 error vue-tutorial@1.0.0 dev: `webpack --watch`
22 error Exit status 3221225786
23 error Failed at the vue-tutorial@1.0.0 dev script 'webpack --watch'.
23 error Make sure you have the latest version of node.js and npm installed.
23 error If you do, this is most likely a problem with the vue-tutorial package,
23 error not with npm itself.
23 error Tell the author that this fails on your system:
23 error     webpack --watch
23 error You can get information on how to open an issue for this project with:
23 error     npm bugs vue-tutorial
23 error Or if that isn't available, you can get their info via:
23 error     npm owner ls vue-tutorial
23 error There is likely additional logging output above.
24 verbose exit [ 1, true ]
